2025-05-13 18:05:30.099 | INFO     | __main__:<module>:6 - Configuration loaded:
2025-05-13 18:05:30.107 | INFO     | __main__:<module>:7 - !!python/object:insurance.config.ProjectConfig
__dict__:
  cat_features:
  - sex
  - smoker
  - region
  catalog_name: mlops_dev
  num_features:
  - age
  - bmi
  - children
  parameters:
    learning_rate: 0.08
    n_estimators: 80
    num_leaves: 30
  schema_name: pirvugeo
  target: charges
__pydantic_extra__: null
__pydantic_fields_set__: !!set
  cat_features: null
  catalog_name: null
  num_features: null
  parameters: null
  schema_name: null
  target: null
__pydantic_private__: null

2025-05-13 18:07:50.514 | INFO     | __main__:<module>:6 - Configuration loaded:
2025-05-13 18:07:50.517 | INFO     | __main__:<module>:7 - !!python/object:insurance.config.ProjectConfig
__dict__:
  cat_features:
  - sex
  - smoker
  - region
  catalog_name: mlops_dev
  data_path: dbfs:/Volumes/mlops_dev/pirvugeo/data/insurance.csv
  num_features:
  - age
  - bmi
  - children
  parameters:
    learning_rate: 0.08
    n_estimators: 80
    num_leaves: 30
  schema_name: pirvugeo
  target: charges
__pydantic_extra__: null
__pydantic_fields_set__: !!set
  cat_features: null
  catalog_name: null
  data_path: null
  num_features: null
  parameters: null
  schema_name: null
  target: null
__pydantic_private__: null

2025-05-13 18:16:56.077 | INFO     | __main__:<module>:6 - Configuration loaded:
2025-05-13 18:16:56.080 | INFO     | __main__:<module>:7 - !!python/object:insurance.config.ProjectConfig
__dict__:
  cat_features:
  - sex
  - smoker
  - region
  catalog_name: mlops_dev
  data_path: dbfs:/Volumes/mlops_dev/pirvugeo/data/insurance.csv
  num_features:
  - age
  - bmi
  - children
  parameters:
    learning_rate: 0.08
    n_estimators: 80
    num_leaves: 30
  schema_name: pirvugeo
  target: charges
__pydantic_extra__: null
__pydantic_fields_set__: !!set
  cat_features: null
  catalog_name: null
  data_path: null
  num_features: null
  parameters: null
  schema_name: null
  target: null
__pydantic_private__: null

2025-05-13 18:31:32.157 | INFO     | __main__:<module>:6 - Configuration loaded:
2025-05-13 18:31:32.161 | INFO     | __main__:<module>:7 - !!python/object:insurance.config.ProjectConfig
__dict__:
  cat_features:
  - sex
  - smoker
  - region
  catalog_name: mlops_dev
  data_path: dbfs:/Volumes/mlops_dev/pirvugeo/data/insurance.csv
  num_features:
  - age
  - bmi
  - children
  parameters:
    learning_rate: 0.08
    n_estimators: 80
    num_leaves: 30
  schema_name: pirvugeo
  target: charges
__pydantic_extra__: null
__pydantic_fields_set__: !!set
  cat_features: null
  catalog_name: null
  data_path: null
  num_features: null
  parameters: null
  schema_name: null
  target: null
__pydantic_private__: null

2025-05-13 18:36:48.140 | INFO     | __main__:<module>:6 - Configuration loaded:
2025-05-13 18:36:48.147 | INFO     | __main__:<module>:7 - !!python/object:insurance.config.ProjectConfig
__dict__:
  cat_features:
  - sex
  - smoker
  - region
  catalog_name: mlops_dev
  data_path: dbfs:/Volumes/mlops_dev/pirvugeo/data/insurance.csv
  num_features:
  - age
  - bmi
  - children
  parameters:
    learning_rate: 0.08
    n_estimators: 80
    num_leaves: 30
  schema_name: pirvugeo
  target: charges
__pydantic_extra__: null
__pydantic_fields_set__: !!set
  cat_features: null
  catalog_name: null
  data_path: null
  num_features: null
  parameters: null
  schema_name: null
  target: null
__pydantic_private__: null

2025-05-13 18:39:45.018 | INFO     | __main__:<module>:6 - Configuration loaded:
2025-05-13 18:39:45.021 | INFO     | __main__:<module>:7 - !!python/object:insurance.config.ProjectConfig
__dict__:
  cat_features:
  - sex
  - smoker
  - region
  catalog_name: mlops_dev
  data_path: dbfs:/Volumes/mlops_dev/pirvugeo/data/insurance.csv
  num_features:
  - age
  - bmi
  - children
  parameters:
    learning_rate: 0.08
    n_estimators: 80
    num_leaves: 30
  schema_name: pirvugeo
  target: charges
__pydantic_extra__: null
__pydantic_fields_set__: !!set
  cat_features: null
  catalog_name: null
  data_path: null
  num_features: null
  parameters: null
  schema_name: null
  target: null
__pydantic_private__: null

2025-05-13 18:40:36.160 | INFO     | __main__:<module>:6 - Configuration loaded:
2025-05-13 18:40:36.164 | INFO     | __main__:<module>:7 - !!python/object:insurance.config.ProjectConfig
__dict__:
  cat_features:
  - sex
  - smoker
  - region
  catalog_name: mlops_dev
  data_path: dbfs:/Volumes/mlops_dev/pirvugeo/data/insurance.csv
  num_features:
  - age
  - bmi
  - children
  parameters:
    learning_rate: 0.08
    n_estimators: 80
    num_leaves: 30
  schema_name: pirvugeo
  target: charges
__pydantic_extra__: null
__pydantic_fields_set__: !!set
  cat_features: null
  catalog_name: null
  data_path: null
  num_features: null
  parameters: null
  schema_name: null
  target: null
__pydantic_private__: null

2025-05-13 18:47:04.451 | INFO     | __main__:<module>:6 - Configuration loaded:
2025-05-13 18:47:04.455 | INFO     | __main__:<module>:7 - !!python/object:insurance.config.ProjectConfig
__dict__:
  cat_features:
  - sex
  - smoker
  - region
  catalog_name: mlops_dev
  data_path: dbfs:/Volumes/mlops_dev/pirvugeo/data/insurance.csv
  num_features:
  - age
  - bmi
  - children
  parameters:
    learning_rate: 0.08
    n_estimators: 80
    num_leaves: 30
  schema_name: pirvugeo
  target: charges
__pydantic_extra__: null
__pydantic_fields_set__: !!set
  cat_features: null
  catalog_name: null
  data_path: null
  num_features: null
  parameters: null
  schema_name: null
  target: null
__pydantic_private__: null

2025-05-13 18:47:08.886 | INFO     | __main__:<module>:9 - Data preprocessing: Elapsed time: 0.0195 seconds
2025-05-13 18:48:11.932 | INFO     | __main__:<module>:13 - Model trainer and tuning: Elapsed time: 0.3154 seconds
2025-05-13 18:54:19.201 | INFO     | __main__:<module>:6 - Configuration loaded:
2025-05-13 18:54:19.204 | INFO     | __main__:<module>:7 - !!python/object:insurance.config.ProjectConfig
__dict__:
  cat_features:
  - sex
  - smoker
  - region
  catalog_name: mlops_dev
  data_path: dbfs:/Volumes/mlops_dev/pirvugeo/data/insurance.csv
  num_features:
  - age
  - bmi
  - children
  parameters:
    learning_rate:
    - 0.08
    - 0.09
    - 0.1
    - 0.11
    - 0.12
    n_estimators:
    - 80
    - 90
    - 100
    - 110
    - 120
    num_leaves:
    - 29
    - 30
    - 31
    - 32
    - 33
  schema_name: pirvugeo
  target: charges
__pydantic_extra__: null
__pydantic_fields_set__: !!set
  cat_features: null
  catalog_name: null
  data_path: null
  num_features: null
  parameters: null
  schema_name: null
  target: null
__pydantic_private__: null

2025-05-13 18:54:24.628 | INFO     | __main__:<module>:6 - Configuration loaded:
2025-05-13 18:54:24.632 | INFO     | __main__:<module>:7 - !!python/object:insurance.config.ProjectConfig
__dict__:
  cat_features:
  - sex
  - smoker
  - region
  catalog_name: mlops_dev
  data_path: dbfs:/Volumes/mlops_dev/pirvugeo/data/insurance.csv
  num_features:
  - age
  - bmi
  - children
  parameters:
    learning_rate:
    - 0.08
    - 0.09
    - 0.1
    - 0.11
    - 0.12
    n_estimators:
    - 80
    - 90
    - 100
    - 110
    - 120
    num_leaves:
    - 29
    - 30
    - 31
    - 32
    - 33
  schema_name: pirvugeo
  target: charges
__pydantic_extra__: null
__pydantic_fields_set__: !!set
  cat_features: null
  catalog_name: null
  data_path: null
  num_features: null
  parameters: null
  schema_name: null
  target: null
__pydantic_private__: null

2025-05-13 18:54:28.491 | INFO     | __main__:<module>:10 - Data preprocessing: Elapsed time: 0.0173 seconds
2025-05-13 18:57:29.334 | INFO     | __main__:<module>:13 - Model trainer and tuning: Elapsed time: 179.7672 seconds
2025-05-13 18:58:26.082 | INFO     | __main__:<module>:10 - Data preprocessing: Elapsed time: 0.0202 seconds
2025-05-13 18:58:26.082 | INFO     | __main__:<module>:12 - Training set shape: %s
2025-05-13 18:58:26.082 | INFO     | __main__:<module>:13 - Test set shape: %s
2025-05-13 18:59:00.032 | INFO     | __main__:<module>:1 - Training set shape: %s
2025-05-13 18:59:00.034 | INFO     | __main__:<module>:2 - Test set shape: %s
2025-05-13 19:00:35.258 | INFO     | __main__:<module>:2 - Saving data to catalog
